data\layouts\notes\fonts\andthishappened.tga
data\layouts\notes\fonts\bringthanoize.tga
data\layouts\notes\fonts\jamesfajardo.tga
data\layouts\notes\fonts\ladylike.tga
data\layouts\notes\fonts\love.tga
data\layouts\notes\fonts\matthildur.tga
data\layouts\notes\fonts\multikultural.tga
data\layouts\notes\fonts\papernotes.tga
data\layouts\notes\fonts\scriptina.tga
data\layouts\notes\fonts\turntablz.tga
data\layouts\notes\fonts\youmurderer.tga
data\textures\immersivesodas\sodacan_xxxx_opened.png
data\textures\music\boombox\test.png
data\textures\music\boombox\zen_boombox.png
data\textures\music\walkman\walkmandoor_co.png
data\gui\layouts\notes\fonts\andthishappened.tga
data\gui\layouts\notes\fonts\bringthanoize.tga
data\gui\layouts\notes\fonts\jamesfajardo.tga
data\gui\layouts\notes\fonts\ladylike.tga
data\gui\layouts\notes\fonts\love.tga
data\gui\layouts\notes\fonts\matthildur.tga
data\gui\layouts\notes\fonts\multikultural.tga
data\gui\layouts\notes\fonts\papernotes.tga
data\gui\layouts\notes\fonts\scriptina.tga
data\gui\layouts\notes\fonts\turntablz.tga
data\gui\layouts\notes\fonts\youmurderer.tga
data\gui\sleepingbags\sleepingbag_icon.png
data\textures\mural\mural_decal_28dayslater.png
